<?xml version="1.0" encoding="UTF-8"?>
<!-- Generated by org.testng.reporters.JUnitReportReporter -->
<testsuite hostname="DESKTOP-JIJPL74" failures="0" tests="6" name="com.crm.practice.TestNGpractise2Test" time="0.074" errors="0" timestamp="2022-04-06T18:20:18 IST" skipped="0">
  <testcase classname="com.crm.practice.TestNGpractise2Test" name="tester" time="0.013"/>
  <system-out>
    <![CDATA[hello]]>
  </system-out>
  <testcase classname="com.crm.practice.TestNGpractise2Test" name="tester" time="0.028"/>
  <system-out>
    <![CDATA[hello]]>
  </system-out>
  <testcase classname="com.crm.practice.TestNGpractise2Test" name="complete" time="0.011"/>
  <system-out>
    <![CDATA[complete]]>
  </system-out>
  <testcase classname="com.crm.practice.TestNGpractise2Test" name="testing" time="0.003"/>
  <system-out>
    <![CDATA[processing]]>
  </system-out>
  <testcase classname="com.crm.practice.TestNGpractise2Test" name="testing" time="0.002"/>
  <system-out>
    <![CDATA[processing]]>
  </system-out>
  <testcase classname="com.crm.practice.TestNGpractise2Test" name="complete" time="0.017"/>
  <system-out>
    <![CDATA[complete]]>
  </system-out>
</testsuite> <!-- com.crm.practice.TestNGpractise2Test -->
