<?xml version="1.0" encoding="UTF-8"?>
<!-- Generated by org.testng.reporters.JUnitReportReporter -->
<testsuite hostname="DESKTOP-JIJPL74" failures="0" tests="2" name="com.crm.organization.ContactNameUsingPomClassTest" time="26.291" errors="0" timestamp="2022-04-10T22:28:02 IST" skipped="0">
  <testcase classname="com.crm.organization.ContactNameUsingPomClassTest" name="createContactTest" time="12.463"/>
  <system-out>
    <![CDATA[Contact created successfully]]>
  </system-out>
  <testcase classname="com.crm.organization.ContactNameUsingPomClassTest" name="createContactTest" time="13.828"/>
  <system-out>
    <![CDATA[Contact created successfully]]>
  </system-out>
</testsuite> <!-- com.crm.organization.ContactNameUsingPomClassTest -->
