<?xml version="1.0" encoding="UTF-8"?>
<!-- Generated by org.testng.reporters.JUnitReportReporter -->
<testsuite hostname="DESKTOP-JIJPL74" failures="0" tests="6" name="com.crm.practice.TestNG_Parameters" time="0.030" errors="0" timestamp="2022-04-06T18:20:18 IST" skipped="0">
  <testcase classname="com.crm.practice.TestNG_Parameters" name="a" time="0.004"/>
  <system-out>
    <![CDATA[exceute]]>
  </system-out>
  <testcase classname="com.crm.practice.TestNG_Parameters" name="B" time="0.002"/>
  <system-out>
    <![CDATA[HI]]>
  </system-out>
  <testcase classname="com.crm.practice.TestNG_Parameters" name="B" time="0.014"/>
  <system-out>
    <![CDATA[HI]]>
  </system-out>
  <testcase classname="com.crm.practice.TestNG_Parameters" name="a" time="0.003"/>
  <system-out>
    <![CDATA[exceute]]>
  </system-out>
  <testcase classname="com.crm.practice.TestNG_Parameters" name="D" time="0.002"/>
  <system-out>
    <![CDATA[BYE]]>
  </system-out>
  <testcase classname="com.crm.practice.TestNG_Parameters" name="D" time="0.005"/>
  <system-out>
    <![CDATA[BYE]]>
  </system-out>
</testsuite> <!-- com.crm.practice.TestNG_Parameters -->
