<?xml version="1.0" encoding="UTF-8"?>
<!-- Generated by org.testng.reporters.JUnitReportReporter -->
<testsuite hostname="DESKTOP-JIJPL74" failures="0" tests="1" name="com.crm.organization.Organization_Education_TypePOMClassTest" time="30.310" errors="0" timestamp="2022-04-12T18:05:50 IST" skipped="0">
  <testcase classname="com.crm.organization.Organization_Education_TypePOMClassTest" name="organizationDropDown" time="30.310"/>
  <system-out/>
</testsuite> <!-- com.crm.organization.Organization_Education_TypePOMClassTest -->
