<?xml version="1.0" encoding="UTF-8"?>
<!-- Generated by org.testng.reporters.JUnitReportReporter -->
<testsuite hostname="DESKTOP-JIJPL74" failures="0" tests="1" name="com.crm.organization.OrganizationTest" time="33.535" errors="0" timestamp="2022-04-12T18:10:24 IST" skipped="0">
  <testcase classname="com.crm.organization.OrganizationTest" name="createOrganizationTest" time="33.535"/>
  <system-out>
    <![CDATA[organization name]]>
  </system-out>
</testsuite> <!-- com.crm.organization.OrganizationTest -->
