<?xml version="1.0" encoding="UTF-8"?>
<!-- Generated by org.testng.reporters.JUnitReportReporter -->
<testsuite hostname="DESKTOP-JIJPL74" failures="0" tests="2" name="com.crm.practice.TestNGPractiesTest" time="0.011" errors="0" timestamp="2022-04-06T18:20:18 IST" skipped="0">
  <testcase classname="com.crm.practice.TestNGPractiesTest" name="test2" time="0.004"/>
  <system-out>
    <![CDATA[hello]]>
  </system-out>
  <testcase classname="com.crm.practice.TestNGPractiesTest" name="test2" time="0.007"/>
  <system-out>
    <![CDATA[hello]]>
  </system-out>
</testsuite> <!-- com.crm.practice.TestNGPractiesTest -->
